2025-10-30 15:25:21.459	INFO	[cwrs_middleware/CwrsAuthLog.go:62]	系统日志	{"Method": "GET", "url": "/api/sysLogin/getUserIdentity?account=admin"}
2025-10-30 15:25:21.556	INFO	[cwrs_middleware/CwrsAuthLog.go:62]	系统日志	{"Method": "GET", "url": "/api/sysLogin/login?account=admin&password=123456&deptId=all&roleId=5c9e854262ce42918a1b9d12500ca9ff&roleCode=sys_admin"}
2025-10-30 15:25:22.507	INFO	[cwrs_middleware/CwrsAuthLog.go:32]	系统日志	{"Method": "GET", "userId": "953b77a21366497094303f293cc07424", "account": "", "role": "", "url": "/api/sysLogin/getUserInfo"}
2025-10-30 15:25:22.509	INFO	[cwrs_middleware/CwrsAuthLog.go:32]	系统日志	{"Method": "GET", "userId": "953b77a21366497094303f293cc07424", "account": "", "role": "", "url": "/api/sysLogin/getUserInfo"}
2025-10-30 15:25:22.511	INFO	[cwrs_middleware/CwrsAuthLog.go:32]	系统日志	{"Method": "GET", "userId": "953b77a21366497094303f293cc07424", "account": "", "role": "", "url": "/api/sysParam/dept"}
2025-10-30 15:25:22.512	INFO	[cwrs_middleware/CwrsAuthLog.go:32]	系统日志	{"Method": "GET", "userId": "953b77a21366497094303f293cc07424", "account": "", "role": "", "url": "/api/sysParam/dept"}
2025-10-30 15:25:22.513	INFO	[cwrs_middleware/CwrsAuthLog.go:32]	系统日志	{"Method": "GET", "userId": "953b77a21366497094303f293cc07424", "account": "", "role": "", "url": "/api/sysMenu/getMenuTreeByRoleId"}
2025-10-30 15:25:22.515	INFO	[cwrs_middleware/CwrsAuthLog.go:32]	系统日志	{"Method": "GET", "userId": "953b77a21366497094303f293cc07424", "account": "", "role": "", "url": "/api/sysMenu/getMenuTreeByRoleId"}
2025-10-30 15:25:25.807	INFO	[cwrs_middleware/CwrsAuthLog.go:32]	系统日志	{"Method": "GET", "userId": "953b77a21366497094303f293cc07424", "account": "", "role": "", "url": "/api/sysDept/tree"}
2025-10-30 15:25:25.808	INFO	[cwrs_middleware/CwrsAuthLog.go:32]	系统日志	{"Method": "GET", "userId": "953b77a21366497094303f293cc07424", "account": "", "role": "", "url": "/api/sysUser/list?pageNum=1&pageSize=10"}
2025-10-30 15:25:27.928	INFO	[cwrs_middleware/CwrsAuthLog.go:32]	系统日志	{"Method": "GET", "userId": "953b77a21366497094303f293cc07424", "account": "", "role": "", "url": "/api/sysDept/tree"}
2025-10-30 15:25:27.933	INFO	[cwrs_middleware/CwrsAuthLog.go:32]	系统日志	{"Method": "GET", "userId": "953b77a21366497094303f293cc07424", "account": "", "role": "", "url": "/api/sysMenu/getMenuTreeList"}
2025-10-30 15:25:27.934	INFO	[cwrs_middleware/CwrsAuthLog.go:32]	系统日志	{"Method": "GET", "userId": "953b77a21366497094303f293cc07424", "account": "", "role": "", "url": "/api/sysMenu/getMenuAppTreeList"}
2025-10-30 15:25:27.935	INFO	[cwrs_middleware/CwrsAuthLog.go:32]	系统日志	{"Method": "GET", "userId": "953b77a21366497094303f293cc07424", "account": "", "role": "", "url": "/api/sysRole/list?pageNum=1&pageSize=10"}
2025-10-30 15:25:27.936	INFO	[cwrs_middleware/CwrsAuthLog.go:32]	系统日志	{"Method": "GET", "userId": "953b77a21366497094303f293cc07424", "account": "", "role": "", "url": "/api/sysDept/tree"}
2025-10-30 15:25:30.952	INFO	[cwrs_middleware/CwrsAuthLog.go:32]	系统日志	{"Method": "GET", "userId": "953b77a21366497094303f293cc07424", "account": "", "role": "", "url": "/api/sysDept/tree"}
2025-10-30 15:25:33.254	INFO	[cwrs_middleware/CwrsAuthLog.go:32]	系统日志	{"Method": "GET", "userId": "953b77a21366497094303f293cc07424", "account": "", "role": "", "url": "/api/sysMenu/getMenuTreeList"}
2025-10-30 15:25:34.432	INFO	[cwrs_middleware/CwrsAuthLog.go:32]	系统日志	{"Method": "GET", "userId": "953b77a21366497094303f293cc07424", "account": "", "role": "", "url": "/api/sysDict/list?pageNum=1&pageSize=10"}
2025-10-30 15:25:41.457	INFO	[cwrs_middleware/CwrsAuthLog.go:32]	系统日志	{"Method": "GET", "userId": "953b77a21366497094303f293cc07424", "account": "", "role": "", "url": "/api/sysDictItem/list?pageNum=1&pageSize=10&dictCode=sys_data_purview"}
2025-10-30 15:25:44.170	INFO	[cwrs_middleware/CwrsAuthLog.go:32]	系统日志	{"Method": "GET", "userId": "953b77a21366497094303f293cc07424", "account": "", "role": "", "url": "/api/sysDictItem/list?pageNum=1&pageSize=10&dictCode=sys_menu_type"}
2025-10-30 15:25:46.330	INFO	[cwrs_middleware/CwrsAuthLog.go:32]	系统日志	{"Method": "GET", "userId": "953b77a21366497094303f293cc07424", "account": "", "role": "", "url": "/api/sysDictItem/list?pageNum=1&pageSize=10&dictCode=sys_task_cron_expr"}
2025-10-30 15:33:55.889	INFO	[cwrs_middleware/CwrsAuthLog.go:32]	系统日志	{"Method": "GET", "userId": "953b77a21366497094303f293cc07424", "account": "", "role": "", "url": "/api/sysLogin/getUserInfo"}
2025-10-30 15:33:55.901	INFO	[cwrs_middleware/CwrsAuthLog.go:32]	系统日志	{"Method": "GET", "userId": "953b77a21366497094303f293cc07424", "account": "", "role": "", "url": "/api/sysParam/dept"}
2025-10-30 15:33:55.908	INFO	[cwrs_middleware/CwrsAuthLog.go:32]	系统日志	{"Method": "GET", "userId": "953b77a21366497094303f293cc07424", "account": "", "role": "", "url": "/api/sysMenu/getMenuTreeByRoleId"}
2025-10-30 15:33:56.978	INFO	[cwrs_middleware/CwrsAuthLog.go:32]	系统日志	{"Method": "GET", "userId": "953b77a21366497094303f293cc07424", "account": "", "role": "", "url": "/api/sysDict/list?pageNum=1&pageSize=10"}
2025-10-30 15:34:03.090	INFO	[cwrs_middleware/CwrsAuthLog.go:32]	系统日志	{"Method": "GET", "userId": "953b77a21366497094303f293cc07424", "account": "", "role": "", "url": "/api/sysLogin/logout"}
2025-10-30 15:34:06.258	INFO	[cwrs_middleware/CwrsAuthLog.go:62]	系统日志	{"Method": "GET", "url": "/api/sysLogin/getUserIdentity?account=admin"}
2025-10-30 15:34:06.340	INFO	[cwrs_middleware/CwrsAuthLog.go:62]	系统日志	{"Method": "GET", "url": "/api/sysLogin/login?account=admin&password=123456&deptId=all&roleId=5c9e854262ce42918a1b9d12500ca9ff&roleCode=sys_admin"}
2025-10-30 15:34:10.658	INFO	[cwrs_middleware/CwrsAuthLog.go:32]	系统日志	{"Method": "GET", "userId": "953b77a21366497094303f293cc07424", "account": "", "role": "", "url": "/api/sysLogin/getUserInfo"}
2025-10-30 15:34:10.664	INFO	[cwrs_middleware/CwrsAuthLog.go:32]	系统日志	{"Method": "GET", "userId": "953b77a21366497094303f293cc07424", "account": "", "role": "", "url": "/api/sysLogin/getUserInfo"}
2025-10-30 15:34:10.672	INFO	[cwrs_middleware/CwrsAuthLog.go:32]	系统日志	{"Method": "GET", "userId": "953b77a21366497094303f293cc07424", "account": "", "role": "", "url": "/api/sysParam/dept"}
2025-10-30 15:34:10.687	INFO	[cwrs_middleware/CwrsAuthLog.go:32]	系统日志	{"Method": "GET", "userId": "953b77a21366497094303f293cc07424", "account": "", "role": "", "url": "/api/sysParam/dept"}
2025-10-30 15:34:10.694	INFO	[cwrs_middleware/CwrsAuthLog.go:32]	系统日志	{"Method": "GET", "userId": "953b77a21366497094303f293cc07424", "account": "", "role": "", "url": "/api/sysMenu/getMenuTreeByRoleId"}
2025-10-30 15:34:10.698	INFO	[cwrs_middleware/CwrsAuthLog.go:32]	系统日志	{"Method": "GET", "userId": "953b77a21366497094303f293cc07424", "account": "", "role": "", "url": "/api/sysMenu/getMenuTreeByRoleId"}
2025-10-30 16:08:48.885	INFO	[cwrs_middleware/CwrsAuthLog.go:32]	系统日志	{"Method": "GET", "userId": "953b77a21366497094303f293cc07424", "account": "", "role": "", "url": "/api/sysLogin/getUserInfo"}
2025-10-30 16:08:48.949	INFO	[cwrs_middleware/CwrsAuthLog.go:32]	系统日志	{"Method": "GET", "userId": "953b77a21366497094303f293cc07424", "account": "", "role": "", "url": "/api/sysParam/dept"}
2025-10-30 16:08:48.958	INFO	[cwrs_middleware/CwrsAuthLog.go:32]	系统日志	{"Method": "GET", "userId": "953b77a21366497094303f293cc07424", "account": "", "role": "", "url": "/api/sysMenu/getMenuTreeByRoleId"}
2025-10-30 16:12:32.364	INFO	[cwrs_middleware/CwrsAuthLog.go:32]	系统日志	{"Method": "GET", "userId": "953b77a21366497094303f293cc07424", "account": "", "role": "", "url": "/api/sysLogin/getUserInfo"}
2025-10-30 16:12:32.369	INFO	[cwrs_middleware/CwrsAuthLog.go:32]	系统日志	{"Method": "GET", "userId": "953b77a21366497094303f293cc07424", "account": "", "role": "", "url": "/api/sysParam/dept"}
2025-10-30 16:12:32.373	INFO	[cwrs_middleware/CwrsAuthLog.go:32]	系统日志	{"Method": "GET", "userId": "953b77a21366497094303f293cc07424", "account": "", "role": "", "url": "/api/sysMenu/getMenuTreeByRoleId"}
2025-10-30 16:12:39.464	INFO	[cwrs_middleware/CwrsAuthLog.go:32]	系统日志	{"Method": "GET", "userId": "953b77a21366497094303f293cc07424", "account": "", "role": "", "url": "/api/sysLogin/getUserInfo"}
2025-10-30 16:12:39.533	INFO	[cwrs_middleware/CwrsAuthLog.go:32]	系统日志	{"Method": "GET", "userId": "953b77a21366497094303f293cc07424", "account": "", "role": "", "url": "/api/sysParam/dept"}
2025-10-30 16:12:39.541	INFO	[cwrs_middleware/CwrsAuthLog.go:32]	系统日志	{"Method": "GET", "userId": "953b77a21366497094303f293cc07424", "account": "", "role": "", "url": "/api/sysMenu/getMenuTreeByRoleId"}
2025-10-30 16:13:04.568	INFO	[cwrs_middleware/CwrsAuthLog.go:32]	系统日志	{"Method": "GET", "userId": "953b77a21366497094303f293cc07424", "account": "", "role": "", "url": "/api/sysLogin/getUserInfo"}
2025-10-30 16:13:04.580	INFO	[cwrs_middleware/CwrsAuthLog.go:32]	系统日志	{"Method": "GET", "userId": "953b77a21366497094303f293cc07424", "account": "", "role": "", "url": "/api/sysParam/dept"}
2025-10-30 16:13:04.588	INFO	[cwrs_middleware/CwrsAuthLog.go:32]	系统日志	{"Method": "GET", "userId": "953b77a21366497094303f293cc07424", "account": "", "role": "", "url": "/api/sysMenu/getMenuTreeByRoleId"}
2025-10-30 16:13:48.786	INFO	[cwrs_middleware/CwrsAuthLog.go:32]	系统日志	{"Method": "GET", "userId": "953b77a21366497094303f293cc07424", "account": "", "role": "", "url": "/api/sysLogin/getUserInfo"}
2025-10-30 16:13:48.799	INFO	[cwrs_middleware/CwrsAuthLog.go:32]	系统日志	{"Method": "GET", "userId": "953b77a21366497094303f293cc07424", "account": "", "role": "", "url": "/api/sysParam/dept"}
2025-10-30 16:13:48.806	INFO	[cwrs_middleware/CwrsAuthLog.go:32]	系统日志	{"Method": "GET", "userId": "953b77a21366497094303f293cc07424", "account": "", "role": "", "url": "/api/sysMenu/getMenuTreeByRoleId"}
2025-10-30 16:13:59.789	INFO	[cwrs_middleware/CwrsAuthLog.go:32]	系统日志	{"Method": "GET", "userId": "953b77a21366497094303f293cc07424", "account": "", "role": "", "url": "/api/sysLogin/getUserInfo"}
2025-10-30 16:13:59.798	INFO	[cwrs_middleware/CwrsAuthLog.go:32]	系统日志	{"Method": "GET", "userId": "953b77a21366497094303f293cc07424", "account": "", "role": "", "url": "/api/sysParam/dept"}
2025-10-30 16:13:59.808	INFO	[cwrs_middleware/CwrsAuthLog.go:32]	系统日志	{"Method": "GET", "userId": "953b77a21366497094303f293cc07424", "account": "", "role": "", "url": "/api/sysMenu/getMenuTreeByRoleId"}
2025-10-30 16:14:10.776	INFO	[cwrs_middleware/CwrsAuthLog.go:32]	系统日志	{"Method": "GET", "userId": "953b77a21366497094303f293cc07424", "account": "", "role": "", "url": "/api/sysLogin/getUserInfo"}
2025-10-30 16:14:10.787	INFO	[cwrs_middleware/CwrsAuthLog.go:32]	系统日志	{"Method": "GET", "userId": "953b77a21366497094303f293cc07424", "account": "", "role": "", "url": "/api/sysParam/dept"}
2025-10-30 16:14:10.796	INFO	[cwrs_middleware/CwrsAuthLog.go:32]	系统日志	{"Method": "GET", "userId": "953b77a21366497094303f293cc07424", "account": "", "role": "", "url": "/api/sysMenu/getMenuTreeByRoleId"}
2025-10-30 16:14:38.063	INFO	[cwrs_middleware/CwrsAuthLog.go:32]	系统日志	{"Method": "GET", "userId": "953b77a21366497094303f293cc07424", "account": "", "role": "", "url": "/api/sysDept/tree"}
2025-10-30 16:14:38.070	INFO	[cwrs_middleware/CwrsAuthLog.go:32]	系统日志	{"Method": "GET", "userId": "953b77a21366497094303f293cc07424", "account": "", "role": "", "url": "/api/sysUser/list?pageNum=1&pageSize=10"}
2025-10-30 16:14:39.949	INFO	[cwrs_middleware/CwrsAuthLog.go:32]	系统日志	{"Method": "GET", "userId": "953b77a21366497094303f293cc07424", "account": "", "role": "", "url": "/api/sysUser/list?pageNum=1&pageSize=10"}
2025-10-30 16:14:40.506	INFO	[cwrs_middleware/CwrsAuthLog.go:32]	系统日志	{"Method": "GET", "userId": "953b77a21366497094303f293cc07424", "account": "", "role": "", "url": "/api/sysUser/list?pageNum=1&pageSize=10"}
2025-10-30 16:14:41.701	INFO	[cwrs_middleware/CwrsAuthLog.go:32]	系统日志	{"Method": "GET", "userId": "953b77a21366497094303f293cc07424", "account": "", "role": "", "url": "/api/sysUser/detail?userId=332314d172134598a250e4d05e6ea2d9"}
2025-10-30 16:14:41.703	INFO	[cwrs_middleware/CwrsAuthLog.go:32]	系统日志	{"Method": "GET", "userId": "953b77a21366497094303f293cc07424", "account": "", "role": "", "url": "/api/sysDept/tree"}
2025-10-30 16:14:41.729	INFO	[cwrs_middleware/CwrsAuthLog.go:32]	系统日志	{"Method": "GET", "userId": "953b77a21366497094303f293cc07424", "account": "", "role": "", "url": "/api/sysRole/list?deptId=a2aa4cf0ba1f46049cbe5a5d966446e8"}
2025-10-30 16:14:41.739	INFO	[cwrs_middleware/CwrsAuthLog.go:32]	系统日志	{"Method": "GET", "userId": "953b77a21366497094303f293cc07424", "account": "", "role": "", "url": "/api/sysPost/list?deptId=a2aa4cf0ba1f46049cbe5a5d966446e8"}
2025-10-30 16:14:59.765	INFO	[cwrs_middleware/CwrsAuthLog.go:32]	系统日志	{"Method": "GET", "userId": "953b77a21366497094303f293cc07424", "account": "", "role": "", "url": "/api/sysLogin/getUserInfo"}
2025-10-30 16:14:59.829	INFO	[cwrs_middleware/CwrsAuthLog.go:32]	系统日志	{"Method": "GET", "userId": "953b77a21366497094303f293cc07424", "account": "", "role": "", "url": "/api/sysParam/dept"}
2025-10-30 16:14:59.836	INFO	[cwrs_middleware/CwrsAuthLog.go:32]	系统日志	{"Method": "GET", "userId": "953b77a21366497094303f293cc07424", "account": "", "role": "", "url": "/api/sysMenu/getMenuTreeByRoleId"}
2025-10-30 16:14:59.975	INFO	[cwrs_middleware/CwrsAuthLog.go:32]	系统日志	{"Method": "GET", "userId": "953b77a21366497094303f293cc07424", "account": "", "role": "", "url": "/api/sysUser/list?pageNum=1&pageSize=10"}
2025-10-30 16:14:59.975	INFO	[cwrs_middleware/CwrsAuthLog.go:32]	系统日志	{"Method": "GET", "userId": "953b77a21366497094303f293cc07424", "account": "", "role": "", "url": "/api/sysDept/tree"}
2025-10-30 16:15:08.128	INFO	[cwrs_middleware/CwrsAuthLog.go:32]	系统日志	{"Method": "GET", "userId": "953b77a21366497094303f293cc07424", "account": "", "role": "", "url": "/api/sysLogin/getUserInfo"}
2025-10-30 16:15:08.196	INFO	[cwrs_middleware/CwrsAuthLog.go:32]	系统日志	{"Method": "GET", "userId": "953b77a21366497094303f293cc07424", "account": "", "role": "", "url": "/api/sysParam/dept"}
2025-10-30 16:15:08.200	INFO	[cwrs_middleware/CwrsAuthLog.go:32]	系统日志	{"Method": "GET", "userId": "953b77a21366497094303f293cc07424", "account": "", "role": "", "url": "/api/sysMenu/getMenuTreeByRoleId"}
2025-10-30 16:15:08.315	INFO	[cwrs_middleware/CwrsAuthLog.go:32]	系统日志	{"Method": "GET", "userId": "953b77a21366497094303f293cc07424", "account": "", "role": "", "url": "/api/sysDept/tree"}
2025-10-30 16:15:08.315	INFO	[cwrs_middleware/CwrsAuthLog.go:32]	系统日志	{"Method": "GET", "userId": "953b77a21366497094303f293cc07424", "account": "", "role": "", "url": "/api/sysUser/list?pageNum=1&pageSize=10"}
2025-10-30 16:15:10.096	INFO	[cwrs_middleware/CwrsAuthLog.go:32]	系统日志	{"Method": "GET", "userId": "953b77a21366497094303f293cc07424", "account": "", "role": "", "url": "/api/sysDept/tree"}
2025-10-30 16:15:16.902	INFO	[cwrs_middleware/CwrsAuthLog.go:32]	系统日志	{"Method": "GET", "userId": "953b77a21366497094303f293cc07424", "account": "", "role": "", "url": "/api/sysRole/list?deptId=12cb92fc10724b4ca762bb38bb624fd2"}
2025-10-30 16:15:16.910	INFO	[cwrs_middleware/CwrsAuthLog.go:32]	系统日志	{"Method": "GET", "userId": "953b77a21366497094303f293cc07424", "account": "", "role": "", "url": "/api/sysPost/list?deptId=12cb92fc10724b4ca762bb38bb624fd2"}
2025-10-30 16:15:19.878	INFO	[cwrs_middleware/CwrsAuthLog.go:32]	系统日志	{"Method": "GET", "userId": "953b77a21366497094303f293cc07424", "account": "", "role": "", "url": "/api/sysUser/detail?userId=332314d172134598a250e4d05e6ea2d9"}
2025-10-30 16:15:19.886	INFO	[cwrs_middleware/CwrsAuthLog.go:32]	系统日志	{"Method": "GET", "userId": "953b77a21366497094303f293cc07424", "account": "", "role": "", "url": "/api/sysRole/list?deptId=a2aa4cf0ba1f46049cbe5a5d966446e8"}
2025-10-30 16:15:19.891	INFO	[cwrs_middleware/CwrsAuthLog.go:32]	系统日志	{"Method": "GET", "userId": "953b77a21366497094303f293cc07424", "account": "", "role": "", "url": "/api/sysPost/list?deptId=a2aa4cf0ba1f46049cbe5a5d966446e8"}
2025-10-30 16:15:36.240	INFO	[cwrs_middleware/CwrsAuthLog.go:32]	系统日志	{"Method": "GET", "userId": "953b77a21366497094303f293cc07424", "account": "", "role": "", "url": "/api/sysDept/tree"}
2025-10-30 16:15:36.242	INFO	[cwrs_middleware/CwrsAuthLog.go:32]	系统日志	{"Method": "GET", "userId": "953b77a21366497094303f293cc07424", "account": "", "role": "", "url": "/api/sysRole/list?pageNum=1&pageSize=10"}
2025-10-30 16:15:36.243	INFO	[cwrs_middleware/CwrsAuthLog.go:32]	系统日志	{"Method": "GET", "userId": "953b77a21366497094303f293cc07424", "account": "", "role": "", "url": "/api/sysDept/tree"}
2025-10-30 16:15:36.243	INFO	[cwrs_middleware/CwrsAuthLog.go:32]	系统日志	{"Method": "GET", "userId": "953b77a21366497094303f293cc07424", "account": "", "role": "", "url": "/api/sysMenu/getMenuTreeList"}
2025-10-30 16:15:36.243	INFO	[cwrs_middleware/CwrsAuthLog.go:32]	系统日志	{"Method": "GET", "userId": "953b77a21366497094303f293cc07424", "account": "", "role": "", "url": "/api/sysMenu/getMenuAppTreeList"}
2025-10-30 16:15:37.340	INFO	[cwrs_middleware/CwrsAuthLog.go:32]	系统日志	{"Method": "GET", "userId": "953b77a21366497094303f293cc07424", "account": "", "role": "", "url": "/api/sysDept/tree"}
2025-10-30 16:18:15.040	INFO	[cwrs_middleware/CwrsAuthLog.go:32]	系统日志	{"Method": "GET", "userId": "953b77a21366497094303f293cc07424", "account": "", "role": "", "url": "/api/sysDept/tree"}
2025-10-30 16:18:15.041	INFO	[cwrs_middleware/CwrsAuthLog.go:32]	系统日志	{"Method": "GET", "userId": "953b77a21366497094303f293cc07424", "account": "", "role": "", "url": "/api/sysUser/list?pageNum=1&pageSize=10"}
2025-10-30 16:19:15.580	INFO	[cwrs_middleware/CwrsAuthLog.go:32]	系统日志	{"Method": "GET", "userId": "953b77a21366497094303f293cc07424", "account": "", "role": "", "url": "/api/sysDept/tree"}
2025-10-30 16:19:15.583	INFO	[cwrs_middleware/CwrsAuthLog.go:32]	系统日志	{"Method": "GET", "userId": "953b77a21366497094303f293cc07424", "account": "", "role": "", "url": "/api/sysUser/list?pageNum=1&pageSize=10"}
2025-10-30 16:19:28.979	INFO	[cwrs_middleware/CwrsAuthLog.go:32]	系统日志	{"Method": "GET", "userId": "953b77a21366497094303f293cc07424", "account": "", "role": "", "url": "/api/sysLogin/getUserInfo"}
2025-10-30 16:19:29.045	INFO	[cwrs_middleware/CwrsAuthLog.go:32]	系统日志	{"Method": "GET", "userId": "953b77a21366497094303f293cc07424", "account": "", "role": "", "url": "/api/sysParam/dept"}
2025-10-30 16:19:29.054	INFO	[cwrs_middleware/CwrsAuthLog.go:32]	系统日志	{"Method": "GET", "userId": "953b77a21366497094303f293cc07424", "account": "", "role": "", "url": "/api/sysMenu/getMenuTreeByRoleId"}
2025-10-30 16:19:29.244	INFO	[cwrs_middleware/CwrsAuthLog.go:32]	系统日志	{"Method": "GET", "userId": "953b77a21366497094303f293cc07424", "account": "", "role": "", "url": "/api/sysDept/tree"}
2025-10-30 16:19:29.244	INFO	[cwrs_middleware/CwrsAuthLog.go:32]	系统日志	{"Method": "GET", "userId": "953b77a21366497094303f293cc07424", "account": "", "role": "", "url": "/api/sysUser/list?pageNum=1&pageSize=10"}
2025-10-30 16:22:22.464	INFO	[cwrs_middleware/CwrsAuthLog.go:32]	系统日志	{"Method": "GET", "userId": "953b77a21366497094303f293cc07424", "account": "", "role": "", "url": "/api/sysLogin/getUserInfo"}
2025-10-30 16:22:22.472	INFO	[cwrs_middleware/CwrsAuthLog.go:32]	系统日志	{"Method": "GET", "userId": "953b77a21366497094303f293cc07424", "account": "", "role": "", "url": "/api/sysParam/dept"}
2025-10-30 16:22:22.481	INFO	[cwrs_middleware/CwrsAuthLog.go:32]	系统日志	{"Method": "GET", "userId": "953b77a21366497094303f293cc07424", "account": "", "role": "", "url": "/api/sysMenu/getMenuTreeByRoleId"}
2025-10-30 16:22:24.843	INFO	[cwrs_middleware/CwrsAuthLog.go:32]	系统日志	{"Method": "GET", "userId": "953b77a21366497094303f293cc07424", "account": "", "role": "", "url": "/api/sysDept/tree"}
2025-10-30 16:22:24.845	INFO	[cwrs_middleware/CwrsAuthLog.go:32]	系统日志	{"Method": "GET", "userId": "953b77a21366497094303f293cc07424", "account": "", "role": "", "url": "/api/sysUser/list?pageNum=1&pageSize=10"}
2025-10-30 16:22:31.696	INFO	[cwrs_middleware/CwrsAuthLog.go:32]	系统日志	{"Method": "GET", "userId": "953b77a21366497094303f293cc07424", "account": "", "role": "", "url": "/api/sysLogin/getUserInfo"}
2025-10-30 16:22:31.761	INFO	[cwrs_middleware/CwrsAuthLog.go:32]	系统日志	{"Method": "GET", "userId": "953b77a21366497094303f293cc07424", "account": "", "role": "", "url": "/api/sysParam/dept"}
2025-10-30 16:22:31.766	INFO	[cwrs_middleware/CwrsAuthLog.go:32]	系统日志	{"Method": "GET", "userId": "953b77a21366497094303f293cc07424", "account": "", "role": "", "url": "/api/sysMenu/getMenuTreeByRoleId"}
2025-10-30 16:22:32.006	INFO	[cwrs_middleware/CwrsAuthLog.go:32]	系统日志	{"Method": "GET", "userId": "953b77a21366497094303f293cc07424", "account": "", "role": "", "url": "/api/sysUser/list?pageNum=1&pageSize=10"}
2025-10-30 16:22:32.006	INFO	[cwrs_middleware/CwrsAuthLog.go:32]	系统日志	{"Method": "GET", "userId": "953b77a21366497094303f293cc07424", "account": "", "role": "", "url": "/api/sysDept/tree"}
2025-10-30 16:22:38.080	INFO	[cwrs_middleware/CwrsAuthLog.go:32]	系统日志	{"Method": "GET", "userId": "953b77a21366497094303f293cc07424", "account": "", "role": "", "url": "/api/sysLogin/getUserInfo"}
2025-10-30 16:22:38.146	INFO	[cwrs_middleware/CwrsAuthLog.go:32]	系统日志	{"Method": "GET", "userId": "953b77a21366497094303f293cc07424", "account": "", "role": "", "url": "/api/sysParam/dept"}
2025-10-30 16:22:38.151	INFO	[cwrs_middleware/CwrsAuthLog.go:32]	系统日志	{"Method": "GET", "userId": "953b77a21366497094303f293cc07424", "account": "", "role": "", "url": "/api/sysMenu/getMenuTreeByRoleId"}
2025-10-30 16:22:38.346	INFO	[cwrs_middleware/CwrsAuthLog.go:32]	系统日志	{"Method": "GET", "userId": "953b77a21366497094303f293cc07424", "account": "", "role": "", "url": "/api/sysDept/tree"}
2025-10-30 16:22:38.346	INFO	[cwrs_middleware/CwrsAuthLog.go:32]	系统日志	{"Method": "GET", "userId": "953b77a21366497094303f293cc07424", "account": "", "role": "", "url": "/api/sysUser/list?pageNum=1&pageSize=10"}
2025-10-30 16:23:26.355	INFO	[cwrs_middleware/CwrsAuthLog.go:32]	系统日志	{"Method": "GET", "userId": "953b77a21366497094303f293cc07424", "account": "", "role": "", "url": "/api/sysLogin/getUserInfo"}
2025-10-30 16:23:26.438	INFO	[cwrs_middleware/CwrsAuthLog.go:32]	系统日志	{"Method": "GET", "userId": "953b77a21366497094303f293cc07424", "account": "", "role": "", "url": "/api/sysParam/dept"}
2025-10-30 16:23:26.449	INFO	[cwrs_middleware/CwrsAuthLog.go:32]	系统日志	{"Method": "GET", "userId": "953b77a21366497094303f293cc07424", "account": "", "role": "", "url": "/api/sysMenu/getMenuTreeByRoleId"}
2025-10-30 16:23:26.637	INFO	[cwrs_middleware/CwrsAuthLog.go:32]	系统日志	{"Method": "GET", "userId": "953b77a21366497094303f293cc07424", "account": "", "role": "", "url": "/api/sysUser/list?pageNum=1&pageSize=10"}
2025-10-30 16:23:26.637	INFO	[cwrs_middleware/CwrsAuthLog.go:32]	系统日志	{"Method": "GET", "userId": "953b77a21366497094303f293cc07424", "account": "", "role": "", "url": "/api/sysDept/tree"}
2025-10-30 16:24:06.396	INFO	[cwrs_middleware/CwrsAuthLog.go:32]	系统日志	{"Method": "GET", "userId": "953b77a21366497094303f293cc07424", "account": "", "role": "", "url": "/api/sysLogin/getUserInfo"}
2025-10-30 16:24:06.472	INFO	[cwrs_middleware/CwrsAuthLog.go:32]	系统日志	{"Method": "GET", "userId": "953b77a21366497094303f293cc07424", "account": "", "role": "", "url": "/api/sysParam/dept"}
2025-10-30 16:24:06.480	INFO	[cwrs_middleware/CwrsAuthLog.go:32]	系统日志	{"Method": "GET", "userId": "953b77a21366497094303f293cc07424", "account": "", "role": "", "url": "/api/sysMenu/getMenuTreeByRoleId"}
2025-10-30 16:24:07.109	INFO	[cwrs_middleware/CwrsAuthLog.go:32]	系统日志	{"Method": "GET", "userId": "953b77a21366497094303f293cc07424", "account": "", "role": "", "url": "/api/sysLogin/getUserInfo"}
2025-10-30 16:24:08.523	INFO	[cwrs_middleware/CwrsAuthLog.go:32]	系统日志	{"Method": "GET", "userId": "953b77a21366497094303f293cc07424", "account": "", "role": "", "url": "/api/sysLogin/getUserInfo"}
2025-10-30 16:24:08.597	INFO	[cwrs_middleware/CwrsAuthLog.go:32]	系统日志	{"Method": "GET", "userId": "953b77a21366497094303f293cc07424", "account": "", "role": "", "url": "/api/sysParam/dept"}
2025-10-30 16:24:08.610	INFO	[cwrs_middleware/CwrsAuthLog.go:32]	系统日志	{"Method": "GET", "userId": "953b77a21366497094303f293cc07424", "account": "", "role": "", "url": "/api/sysMenu/getMenuTreeByRoleId"}
2025-10-30 16:24:08.833	INFO	[cwrs_middleware/CwrsAuthLog.go:32]	系统日志	{"Method": "GET", "userId": "953b77a21366497094303f293cc07424", "account": "", "role": "", "url": "/api/sysUser/list?pageNum=1&pageSize=10"}
2025-10-30 16:24:08.833	INFO	[cwrs_middleware/CwrsAuthLog.go:32]	系统日志	{"Method": "GET", "userId": "953b77a21366497094303f293cc07424", "account": "", "role": "", "url": "/api/sysDept/tree"}
2025-10-30 16:25:03.557	INFO	[cwrs_middleware/CwrsAuthLog.go:32]	系统日志	{"Method": "GET", "userId": "953b77a21366497094303f293cc07424", "account": "", "role": "", "url": "/api/sysLogin/getUserInfo"}
2025-10-30 16:25:03.618	INFO	[cwrs_middleware/CwrsAuthLog.go:32]	系统日志	{"Method": "GET", "userId": "953b77a21366497094303f293cc07424", "account": "", "role": "", "url": "/api/sysParam/dept"}
2025-10-30 16:25:03.626	INFO	[cwrs_middleware/CwrsAuthLog.go:32]	系统日志	{"Method": "GET", "userId": "953b77a21366497094303f293cc07424", "account": "", "role": "", "url": "/api/sysMenu/getMenuTreeByRoleId"}
2025-10-30 16:25:03.819	INFO	[cwrs_middleware/CwrsAuthLog.go:32]	系统日志	{"Method": "GET", "userId": "953b77a21366497094303f293cc07424", "account": "", "role": "", "url": "/api/sysDept/tree"}
2025-10-30 16:25:03.819	INFO	[cwrs_middleware/CwrsAuthLog.go:32]	系统日志	{"Method": "GET", "userId": "953b77a21366497094303f293cc07424", "account": "", "role": "", "url": "/api/sysUser/list?pageNum=1&pageSize=10"}
2025-10-30 16:25:24.066	INFO	[cwrs_middleware/CwrsAuthLog.go:32]	系统日志	{"Method": "GET", "userId": "953b77a21366497094303f293cc07424", "account": "", "role": "", "url": "/api/sysDept/tree"}
2025-10-30 16:25:24.067	INFO	[cwrs_middleware/CwrsAuthLog.go:32]	系统日志	{"Method": "GET", "userId": "953b77a21366497094303f293cc07424", "account": "", "role": "", "url": "/api/sysUser/list?pageNum=1&pageSize=10"}
2025-10-30 16:26:28.381	INFO	[cwrs_middleware/CwrsAuthLog.go:32]	系统日志	{"Method": "GET", "userId": "953b77a21366497094303f293cc07424", "account": "", "role": "", "url": "/api/sysDept/tree"}
2025-10-30 16:26:28.384	INFO	[cwrs_middleware/CwrsAuthLog.go:32]	系统日志	{"Method": "GET", "userId": "953b77a21366497094303f293cc07424", "account": "", "role": "", "url": "/api/sysUser/list?pageNum=1&pageSize=10"}
2025-10-30 16:27:03.353	INFO	[cwrs_middleware/CwrsAuthLog.go:32]	系统日志	{"Method": "GET", "userId": "953b77a21366497094303f293cc07424", "account": "", "role": "", "url": "/api/sysDept/tree"}
2025-10-30 16:27:03.355	INFO	[cwrs_middleware/CwrsAuthLog.go:32]	系统日志	{"Method": "GET", "userId": "953b77a21366497094303f293cc07424", "account": "", "role": "", "url": "/api/sysUser/list?pageNum=1&pageSize=10"}
2025-10-30 16:27:38.733	INFO	[cwrs_middleware/CwrsAuthLog.go:32]	系统日志	{"Method": "GET", "userId": "953b77a21366497094303f293cc07424", "account": "", "role": "", "url": "/api/sysUser/detail?userId=953b77a21366497094303f293cc07424"}
2025-10-30 16:27:38.743	INFO	[cwrs_middleware/CwrsAuthLog.go:32]	系统日志	{"Method": "GET", "userId": "953b77a21366497094303f293cc07424", "account": "", "role": "", "url": "/api/sysRole/list?deptId=all"}
2025-10-30 16:27:38.755	INFO	[cwrs_middleware/CwrsAuthLog.go:32]	系统日志	{"Method": "GET", "userId": "953b77a21366497094303f293cc07424", "account": "", "role": "", "url": "/api/sysPost/list?deptId=all"}
2025-10-30 16:27:45.627	INFO	[cwrs_middleware/CwrsAuthLog.go:32]	系统日志	{"Method": "GET", "userId": "953b77a21366497094303f293cc07424", "account": "", "role": "", "url": "/api/sysUser/detail?userId=332314d172134598a250e4d05e6ea2d9"}
2025-10-30 16:27:45.628	INFO	[cwrs_middleware/CwrsAuthLog.go:32]	系统日志	{"Method": "GET", "userId": "953b77a21366497094303f293cc07424", "account": "", "role": "", "url": "/api/sysDept/tree"}
2025-10-30 16:27:45.650	INFO	[cwrs_middleware/CwrsAuthLog.go:32]	系统日志	{"Method": "GET", "userId": "953b77a21366497094303f293cc07424", "account": "", "role": "", "url": "/api/sysRole/list?deptId=a2aa4cf0ba1f46049cbe5a5d966446e8"}
2025-10-30 16:27:45.660	INFO	[cwrs_middleware/CwrsAuthLog.go:32]	系统日志	{"Method": "GET", "userId": "953b77a21366497094303f293cc07424", "account": "", "role": "", "url": "/api/sysPost/list?deptId=a2aa4cf0ba1f46049cbe5a5d966446e8"}
2025-10-30 16:27:49.086	INFO	[cwrs_middleware/CwrsAuthLog.go:32]	系统日志	{"Method": "GET", "userId": "953b77a21366497094303f293cc07424", "account": "", "role": "", "url": "/api/sysDept/tree"}
2025-10-30 16:27:49.086	INFO	[cwrs_middleware/CwrsAuthLog.go:32]	系统日志	{"Method": "GET", "userId": "953b77a21366497094303f293cc07424", "account": "", "role": "", "url": "/api/sysMenu/getMenuTreeList"}
2025-10-30 16:27:49.089	INFO	[cwrs_middleware/CwrsAuthLog.go:32]	系统日志	{"Method": "GET", "userId": "953b77a21366497094303f293cc07424", "account": "", "role": "", "url": "/api/sysRole/list?pageNum=1&pageSize=10"}
2025-10-30 16:27:49.092	INFO	[cwrs_middleware/CwrsAuthLog.go:32]	系统日志	{"Method": "GET", "userId": "953b77a21366497094303f293cc07424", "account": "", "role": "", "url": "/api/sysMenu/getMenuAppTreeList"}
2025-10-30 16:27:49.092	INFO	[cwrs_middleware/CwrsAuthLog.go:32]	系统日志	{"Method": "GET", "userId": "953b77a21366497094303f293cc07424", "account": "", "role": "", "url": "/api/sysDept/tree"}
2025-10-30 16:27:50.812	INFO	[cwrs_middleware/CwrsAuthLog.go:32]	系统日志	{"Method": "GET", "userId": "953b77a21366497094303f293cc07424", "account": "", "role": "", "url": "/api/sysDept/tree"}
2025-10-30 16:27:50.813	INFO	[cwrs_middleware/CwrsAuthLog.go:32]	系统日志	{"Method": "GET", "userId": "953b77a21366497094303f293cc07424", "account": "", "role": "", "url": "/api/sysRole/detail?roleId=6afbfef6f5ba4d0eb3a2efc505a519c8"}
2025-10-30 16:27:56.633	INFO	[cwrs_middleware/CwrsAuthLog.go:32]	系统日志	{"Method": "GET", "userId": "953b77a21366497094303f293cc07424", "account": "", "role": "", "url": "/api/sysDept/tree"}
2025-10-30 16:27:58.443	INFO	[cwrs_middleware/CwrsAuthLog.go:32]	系统日志	{"Method": "GET", "userId": "953b77a21366497094303f293cc07424", "account": "", "role": "", "url": "/api/sysDept/tree"}
2025-10-30 16:27:58.444	INFO	[cwrs_middleware/CwrsAuthLog.go:32]	系统日志	{"Method": "GET", "userId": "953b77a21366497094303f293cc07424", "account": "", "role": "", "url": "/api/sysDept/detail?deptId=12cb92fc10724b4ca762bb38bb624fd2"}
2025-10-30 16:28:04.983	INFO	[cwrs_middleware/CwrsAuthLog.go:32]	系统日志	{"Method": "GET", "userId": "953b77a21366497094303f293cc07424", "account": "", "role": "", "url": "/api/sysRole/detail?roleId=6afbfef6f5ba4d0eb3a2efc505a519c8"}
2025-10-30 16:28:17.348	INFO	[cwrs_middleware/CwrsAuthLog.go:32]	系统日志	{"Method": "GET", "userId": "953b77a21366497094303f293cc07424", "account": "", "role": "", "url": "/api/sysMenu/getMenuTreeList"}
2025-10-30 16:28:18.788	INFO	[cwrs_middleware/CwrsAuthLog.go:32]	系统日志	{"Method": "GET", "userId": "953b77a21366497094303f293cc07424", "account": "", "role": "", "url": "/api/sysMenu/getSysMenuById?menuId=fc1c718052ef4490b8dfaf83f2185dc2"}
2025-10-30 16:28:27.845	INFO	[cwrs_middleware/CwrsAuthLog.go:32]	系统日志	{"Method": "GET", "userId": "953b77a21366497094303f293cc07424", "account": "", "role": "", "url": "/api/sysDict/list?pageNum=1&pageSize=10"}
2025-10-30 16:28:32.913	INFO	[cwrs_middleware/CwrsAuthLog.go:32]	系统日志	{"Method": "GET", "userId": "953b77a21366497094303f293cc07424", "account": "", "role": "", "url": "/api/sysDict/detail?dictId=5cd8b511b05c4c2fa3260a119b314eb1"}
2025-10-30 16:28:36.382	INFO	[cwrs_middleware/CwrsAuthLog.go:32]	系统日志	{"Method": "GET", "userId": "953b77a21366497094303f293cc07424", "account": "", "role": "", "url": "/api/sysPost/list?pageNum=1&pageSize=10"}
2025-10-30 16:28:36.384	INFO	[cwrs_middleware/CwrsAuthLog.go:32]	系统日志	{"Method": "GET", "userId": "953b77a21366497094303f293cc07424", "account": "", "role": "", "url": "/api/sysDept/tree"}
2025-10-30 16:28:37.285	INFO	[cwrs_middleware/CwrsAuthLog.go:32]	系统日志	{"Method": "GET", "userId": "953b77a21366497094303f293cc07424", "account": "", "role": "", "url": "/api/sysPost/detail?postId=a90cee574f364bf891d9c2a21643eeba"}
2025-10-30 16:28:43.612	INFO	[cwrs_middleware/CwrsAuthLog.go:32]	系统日志	{"Method": "GET", "userId": "953b77a21366497094303f293cc07424", "account": "", "role": "", "url": "/api/sysDept/tree"}
2025-10-30 16:28:43.615	INFO	[cwrs_middleware/CwrsAuthLog.go:32]	系统日志	{"Method": "GET", "userId": "953b77a21366497094303f293cc07424", "account": "", "role": "", "url": "/api/sysParam/list?pageNum=1&pageSize=10"}
2025-10-30 16:28:53.458	INFO	[cwrs_middleware/CwrsAuthLog.go:32]	系统日志	{"Method": "GET", "userId": "953b77a21366497094303f293cc07424", "account": "", "role": "", "url": "/api/sysDept/tree"}
2025-10-30 16:29:18.009	INFO	[cwrs_middleware/CwrsAuthLog.go:32]	系统日志	{"Method": "GET", "userId": "953b77a21366497094303f293cc07424", "account": "", "role": "", "url": "/api/sysTask/list?pageNum=1&pageSize=10"}
2025-10-30 16:29:30.185	INFO	[cwrs_middleware/CwrsAuthLog.go:32]	系统日志	{"Method": "GET", "userId": "953b77a21366497094303f293cc07424", "account": "", "role": "", "url": "/api/sysOperLog/list?pageNum=1&pageSize=10"}
2025-10-30 16:29:31.462	INFO	[cwrs_middleware/CwrsAuthLog.go:32]	系统日志	{"Method": "GET", "userId": "953b77a21366497094303f293cc07424", "account": "", "role": "", "url": "/api/sysOperLog/detail?operId=1e3d1308254242209f548431b7017fca"}
2025-10-30 16:31:33.242	INFO	[cwrs_middleware/CwrsAuthLog.go:32]	系统日志	{"Method": "GET", "userId": "953b77a21366497094303f293cc07424", "account": "", "role": "", "url": "/api/sysLogin/getUserInfo"}
2025-10-30 16:31:33.309	INFO	[cwrs_middleware/CwrsAuthLog.go:32]	系统日志	{"Method": "GET", "userId": "953b77a21366497094303f293cc07424", "account": "", "role": "", "url": "/api/sysParam/dept"}
2025-10-30 16:31:33.317	INFO	[cwrs_middleware/CwrsAuthLog.go:32]	系统日志	{"Method": "GET", "userId": "953b77a21366497094303f293cc07424", "account": "", "role": "", "url": "/api/sysMenu/getMenuTreeByRoleId"}
2025-10-30 16:31:33.489	INFO	[cwrs_middleware/CwrsAuthLog.go:32]	系统日志	{"Method": "GET", "userId": "953b77a21366497094303f293cc07424", "account": "", "role": "", "url": "/api/sysDept/tree"}
2025-10-30 16:31:33.493	INFO	[cwrs_middleware/CwrsAuthLog.go:32]	系统日志	{"Method": "GET", "userId": "953b77a21366497094303f293cc07424", "account": "", "role": "", "url": "/api/sysParam/list?pageNum=1&pageSize=10"}
2025-10-30 16:33:32.626	INFO	[cwrs_middleware/CwrsAuthLog.go:32]	系统日志	{"Method": "GET", "userId": "953b77a21366497094303f293cc07424", "account": "", "role": "", "url": "/api/sysLogin/getUserInfo"}
2025-10-30 16:33:32.685	INFO	[cwrs_middleware/CwrsAuthLog.go:32]	系统日志	{"Method": "GET", "userId": "953b77a21366497094303f293cc07424", "account": "", "role": "", "url": "/api/sysParam/dept"}
2025-10-30 16:33:32.691	INFO	[cwrs_middleware/CwrsAuthLog.go:32]	系统日志	{"Method": "GET", "userId": "953b77a21366497094303f293cc07424", "account": "", "role": "", "url": "/api/sysMenu/getMenuTreeByRoleId"}
2025-10-30 16:33:32.849	INFO	[cwrs_middleware/CwrsAuthLog.go:32]	系统日志	{"Method": "GET", "userId": "953b77a21366497094303f293cc07424", "account": "", "role": "", "url": "/api/sysDept/tree"}
2025-10-30 16:33:32.853	INFO	[cwrs_middleware/CwrsAuthLog.go:32]	系统日志	{"Method": "GET", "userId": "953b77a21366497094303f293cc07424", "account": "", "role": "", "url": "/api/sysParam/list?pageNum=1&pageSize=10"}
2025-10-30 16:33:34.859	INFO	[cwrs_middleware/CwrsAuthLog.go:32]	系统日志	{"Method": "GET", "userId": "953b77a21366497094303f293cc07424", "account": "", "role": "", "url": "/api/sysDept/tree"}
2025-10-30 16:39:43.944	INFO	[cwrs_middleware/CwrsAuthLog.go:32]	系统日志	{"Method": "GET", "userId": "953b77a21366497094303f293cc07424", "account": "", "role": "", "url": "/api/sysDept/tree"}
2025-10-30 16:39:43.991	INFO	[cwrs_middleware/CwrsAuthLog.go:32]	系统日志	{"Method": "GET", "userId": "953b77a21366497094303f293cc07424", "account": "", "role": "", "url": "/api/sysParam/list?pageNum=1&pageSize=10"}
2025-10-30 16:39:53.983	INFO	[cwrs_middleware/CwrsAuthLog.go:32]	系统日志	{"Method": "GET", "userId": "953b77a21366497094303f293cc07424", "account": "", "role": "", "url": "/api/sysTask/list?pageNum=1&pageSize=10"}
2025-10-30 16:39:59.287	INFO	[cwrs_middleware/CwrsAuthLog.go:32]	系统日志	{"Method": "GET", "userId": "953b77a21366497094303f293cc07424", "account": "", "role": "", "url": "/api/sysDept/tree"}
2025-10-30 16:39:59.289	INFO	[cwrs_middleware/CwrsAuthLog.go:32]	系统日志	{"Method": "GET", "userId": "953b77a21366497094303f293cc07424", "account": "", "role": "", "url": "/api/sysRole/list?pageNum=1&pageSize=10"}
2025-10-30 16:39:59.289	INFO	[cwrs_middleware/CwrsAuthLog.go:32]	系统日志	{"Method": "GET", "userId": "953b77a21366497094303f293cc07424", "account": "", "role": "", "url": "/api/sysMenu/getMenuAppTreeList"}
2025-10-30 16:39:59.289	INFO	[cwrs_middleware/CwrsAuthLog.go:32]	系统日志	{"Method": "GET", "userId": "953b77a21366497094303f293cc07424", "account": "", "role": "", "url": "/api/sysMenu/getMenuTreeList"}
2025-10-30 16:39:59.291	INFO	[cwrs_middleware/CwrsAuthLog.go:32]	系统日志	{"Method": "GET", "userId": "953b77a21366497094303f293cc07424", "account": "", "role": "", "url": "/api/sysDept/tree"}
2025-10-30 16:39:59.531	INFO	[cwrs_middleware/CwrsAuthLog.go:32]	系统日志	{"Method": "GET", "userId": "953b77a21366497094303f293cc07424", "account": "", "role": "", "url": "/api/sysDept/tree"}
2025-10-30 16:39:59.531	INFO	[cwrs_middleware/CwrsAuthLog.go:32]	系统日志	{"Method": "GET", "userId": "953b77a21366497094303f293cc07424", "account": "", "role": "", "url": "/api/sysUser/list?pageNum=1&pageSize=10"}
2025-10-30 16:41:12.873	INFO	[cwrs_middleware/CwrsAuthLog.go:32]	系统日志	{"Method": "GET", "userId": "953b77a21366497094303f293cc07424", "account": "", "role": "", "url": "/api/sysDept/tree"}
2025-10-30 16:41:12.874	INFO	[cwrs_middleware/CwrsAuthLog.go:32]	系统日志	{"Method": "GET", "userId": "953b77a21366497094303f293cc07424", "account": "", "role": "", "url": "/api/sysUser/list?pageNum=1&pageSize=10"}
2025-10-30 16:41:21.574	INFO	[cwrs_middleware/CwrsAuthLog.go:32]	系统日志	{"Method": "GET", "userId": "953b77a21366497094303f293cc07424", "account": "", "role": "", "url": "/api/sysDept/tree"}
2025-10-30 16:41:21.574	INFO	[cwrs_middleware/CwrsAuthLog.go:32]	系统日志	{"Method": "GET", "userId": "953b77a21366497094303f293cc07424", "account": "", "role": "", "url": "/api/sysUser/list?pageNum=1&pageSize=10"}
2025-10-30 16:41:33.819	INFO	[cwrs_middleware/CwrsAuthLog.go:32]	系统日志	{"Method": "GET", "userId": "953b77a21366497094303f293cc07424", "account": "", "role": "", "url": "/api/sysLogin/getUserInfo"}
2025-10-30 16:41:33.877	INFO	[cwrs_middleware/CwrsAuthLog.go:32]	系统日志	{"Method": "GET", "userId": "953b77a21366497094303f293cc07424", "account": "", "role": "", "url": "/api/sysParam/dept"}
2025-10-30 16:41:33.884	INFO	[cwrs_middleware/CwrsAuthLog.go:32]	系统日志	{"Method": "GET", "userId": "953b77a21366497094303f293cc07424", "account": "", "role": "", "url": "/api/sysMenu/getMenuTreeByRoleId"}
2025-10-30 16:41:34.100	INFO	[cwrs_middleware/CwrsAuthLog.go:32]	系统日志	{"Method": "GET", "userId": "953b77a21366497094303f293cc07424", "account": "", "role": "", "url": "/api/sysDept/tree"}
2025-10-30 16:41:34.100	INFO	[cwrs_middleware/CwrsAuthLog.go:32]	系统日志	{"Method": "GET", "userId": "953b77a21366497094303f293cc07424", "account": "", "role": "", "url": "/api/sysUser/list?pageNum=1&pageSize=10"}
2025-10-30 16:42:20.607	INFO	[cwrs_middleware/CwrsAuthLog.go:32]	系统日志	{"Method": "GET", "userId": "953b77a21366497094303f293cc07424", "account": "", "role": "", "url": "/api/sysLogin/getUserInfo"}
2025-10-30 16:42:20.671	INFO	[cwrs_middleware/CwrsAuthLog.go:32]	系统日志	{"Method": "GET", "userId": "953b77a21366497094303f293cc07424", "account": "", "role": "", "url": "/api/sysParam/dept"}
2025-10-30 16:42:20.679	INFO	[cwrs_middleware/CwrsAuthLog.go:32]	系统日志	{"Method": "GET", "userId": "953b77a21366497094303f293cc07424", "account": "", "role": "", "url": "/api/sysMenu/getMenuTreeByRoleId"}
2025-10-30 16:42:20.878	INFO	[cwrs_middleware/CwrsAuthLog.go:32]	系统日志	{"Method": "GET", "userId": "953b77a21366497094303f293cc07424", "account": "", "role": "", "url": "/api/sysDept/tree"}
2025-10-30 16:42:20.878	INFO	[cwrs_middleware/CwrsAuthLog.go:32]	系统日志	{"Method": "GET", "userId": "953b77a21366497094303f293cc07424", "account": "", "role": "", "url": "/api/sysUser/list?pageNum=1&pageSize=10"}
2025-10-30 16:42:32.472	INFO	[cwrs_middleware/CwrsAuthLog.go:32]	系统日志	{"Method": "GET", "userId": "953b77a21366497094303f293cc07424", "account": "", "role": "", "url": "/api/sysUser/list?pageNum=1&pageSize=10"}
2025-10-30 16:43:34.396	INFO	[cwrs_middleware/CwrsAuthLog.go:32]	系统日志	{"Method": "GET", "userId": "953b77a21366497094303f293cc07424", "account": "", "role": "", "url": "/api/sysDept/tree"}
2025-10-30 16:43:34.397	INFO	[cwrs_middleware/CwrsAuthLog.go:32]	系统日志	{"Method": "GET", "userId": "953b77a21366497094303f293cc07424", "account": "", "role": "", "url": "/api/sysUser/list?pageNum=1&pageSize=10"}
2025-10-30 16:43:36.895	INFO	[cwrs_middleware/CwrsAuthLog.go:32]	系统日志	{"Method": "GET", "userId": "953b77a21366497094303f293cc07424", "account": "", "role": "", "url": "/api/sysLogin/getUserInfo"}
2025-10-30 16:43:36.989	INFO	[cwrs_middleware/CwrsAuthLog.go:32]	系统日志	{"Method": "GET", "userId": "953b77a21366497094303f293cc07424", "account": "", "role": "", "url": "/api/sysParam/dept"}
2025-10-30 16:43:36.995	INFO	[cwrs_middleware/CwrsAuthLog.go:32]	系统日志	{"Method": "GET", "userId": "953b77a21366497094303f293cc07424", "account": "", "role": "", "url": "/api/sysMenu/getMenuTreeByRoleId"}
2025-10-30 16:43:37.185	INFO	[cwrs_middleware/CwrsAuthLog.go:32]	系统日志	{"Method": "GET", "userId": "953b77a21366497094303f293cc07424", "account": "", "role": "", "url": "/api/sysDept/tree"}
2025-10-30 16:43:37.186	INFO	[cwrs_middleware/CwrsAuthLog.go:32]	系统日志	{"Method": "GET", "userId": "953b77a21366497094303f293cc07424", "account": "", "role": "", "url": "/api/sysUser/list?pageNum=1&pageSize=10"}
2025-10-30 16:45:31.781	INFO	[cwrs_middleware/CwrsAuthLog.go:32]	系统日志	{"Method": "GET", "userId": "953b77a21366497094303f293cc07424", "account": "", "role": "", "url": "/api/sysLogin/getUserInfo"}
2025-10-30 16:45:31.838	INFO	[cwrs_middleware/CwrsAuthLog.go:32]	系统日志	{"Method": "GET", "userId": "953b77a21366497094303f293cc07424", "account": "", "role": "", "url": "/api/sysParam/dept"}
2025-10-30 16:45:31.856	INFO	[cwrs_middleware/CwrsAuthLog.go:32]	系统日志	{"Method": "GET", "userId": "953b77a21366497094303f293cc07424", "account": "", "role": "", "url": "/api/sysMenu/getMenuTreeByRoleId"}
2025-10-30 16:45:32.044	INFO	[cwrs_middleware/CwrsAuthLog.go:32]	系统日志	{"Method": "GET", "userId": "953b77a21366497094303f293cc07424", "account": "", "role": "", "url": "/api/sysDept/tree"}
2025-10-30 16:45:32.044	INFO	[cwrs_middleware/CwrsAuthLog.go:32]	系统日志	{"Method": "GET", "userId": "953b77a21366497094303f293cc07424", "account": "", "role": "", "url": "/api/sysUser/list?pageNum=1&pageSize=10"}
2025-10-30 16:46:05.385	INFO	[cwrs_middleware/CwrsAuthLog.go:32]	系统日志	{"Method": "GET", "userId": "953b77a21366497094303f293cc07424", "account": "", "role": "", "url": "/api/sysDept/tree"}
2025-10-30 16:46:05.386	INFO	[cwrs_middleware/CwrsAuthLog.go:32]	系统日志	{"Method": "GET", "userId": "953b77a21366497094303f293cc07424", "account": "", "role": "", "url": "/api/sysUser/list?pageNum=1&pageSize=10"}
2025-10-30 16:46:33.951	INFO	[cwrs_middleware/CwrsAuthLog.go:32]	系统日志	{"Method": "GET", "userId": "953b77a21366497094303f293cc07424", "account": "", "role": "", "url": "/api/sysDept/tree"}
2025-10-30 16:46:33.952	INFO	[cwrs_middleware/CwrsAuthLog.go:32]	系统日志	{"Method": "GET", "userId": "953b77a21366497094303f293cc07424", "account": "", "role": "", "url": "/api/sysUser/list?pageNum=1&pageSize=10"}
2025-10-30 16:46:35.148	INFO	[cwrs_middleware/CwrsAuthLog.go:32]	系统日志	{"Method": "GET", "userId": "953b77a21366497094303f293cc07424", "account": "", "role": "", "url": "/api/sysLogin/getUserInfo"}
2025-10-30 16:46:35.157	INFO	[cwrs_middleware/CwrsAuthLog.go:32]	系统日志	{"Method": "GET", "userId": "953b77a21366497094303f293cc07424", "account": "", "role": "", "url": "/api/sysParam/dept"}
2025-10-30 16:46:35.163	INFO	[cwrs_middleware/CwrsAuthLog.go:32]	系统日志	{"Method": "GET", "userId": "953b77a21366497094303f293cc07424", "account": "", "role": "", "url": "/api/sysMenu/getMenuTreeByRoleId"}
2025-10-30 16:46:35.378	INFO	[cwrs_middleware/CwrsAuthLog.go:32]	系统日志	{"Method": "GET", "userId": "953b77a21366497094303f293cc07424", "account": "", "role": "", "url": "/api/sysDept/tree"}
2025-10-30 16:46:35.379	INFO	[cwrs_middleware/CwrsAuthLog.go:32]	系统日志	{"Method": "GET", "userId": "953b77a21366497094303f293cc07424", "account": "", "role": "", "url": "/api/sysUser/list?pageNum=1&pageSize=10"}
2025-10-30 16:47:23.586	INFO	[cwrs_middleware/CwrsAuthLog.go:32]	系统日志	{"Method": "GET", "userId": "953b77a21366497094303f293cc07424", "account": "", "role": "", "url": "/api/sysDept/tree"}
2025-10-30 16:47:23.587	INFO	[cwrs_middleware/CwrsAuthLog.go:32]	系统日志	{"Method": "GET", "userId": "953b77a21366497094303f293cc07424", "account": "", "role": "", "url": "/api/sysUser/list?pageNum=1&pageSize=10"}
2025-10-30 16:47:40.878	INFO	[cwrs_middleware/CwrsAuthLog.go:32]	系统日志	{"Method": "GET", "userId": "953b77a21366497094303f293cc07424", "account": "", "role": "", "url": "/api/sysDept/tree"}
2025-10-30 16:47:40.882	INFO	[cwrs_middleware/CwrsAuthLog.go:32]	系统日志	{"Method": "GET", "userId": "953b77a21366497094303f293cc07424", "account": "", "role": "", "url": "/api/sysUser/list?pageNum=1&pageSize=10"}
2025-10-30 16:47:43.088	INFO	[cwrs_middleware/CwrsAuthLog.go:32]	系统日志	{"Method": "GET", "userId": "953b77a21366497094303f293cc07424", "account": "", "role": "", "url": "/api/sysLogin/getUserInfo"}
2025-10-30 16:47:43.126	INFO	[cwrs_middleware/CwrsAuthLog.go:32]	系统日志	{"Method": "GET", "userId": "953b77a21366497094303f293cc07424", "account": "", "role": "", "url": "/api/sysParam/dept"}
2025-10-30 16:47:43.136	INFO	[cwrs_middleware/CwrsAuthLog.go:32]	系统日志	{"Method": "GET", "userId": "953b77a21366497094303f293cc07424", "account": "", "role": "", "url": "/api/sysMenu/getMenuTreeByRoleId"}
2025-10-30 16:47:43.319	INFO	[cwrs_middleware/CwrsAuthLog.go:32]	系统日志	{"Method": "GET", "userId": "953b77a21366497094303f293cc07424", "account": "", "role": "", "url": "/api/sysDept/tree"}
2025-10-30 16:47:43.319	INFO	[cwrs_middleware/CwrsAuthLog.go:32]	系统日志	{"Method": "GET", "userId": "953b77a21366497094303f293cc07424", "account": "", "role": "", "url": "/api/sysUser/list?pageNum=1&pageSize=10"}
2025-10-30 16:47:53.776	INFO	[cwrs_middleware/CwrsAuthLog.go:32]	系统日志	{"Method": "GET", "userId": "953b77a21366497094303f293cc07424", "account": "", "role": "", "url": "/api/sysDept/tree"}
2025-10-30 16:47:53.776	INFO	[cwrs_middleware/CwrsAuthLog.go:32]	系统日志	{"Method": "GET", "userId": "953b77a21366497094303f293cc07424", "account": "", "role": "", "url": "/api/sysUser/list?pageNum=1&pageSize=10"}
2025-10-30 16:48:14.967	INFO	[cwrs_middleware/CwrsAuthLog.go:32]	系统日志	{"Method": "GET", "userId": "953b77a21366497094303f293cc07424", "account": "", "role": "", "url": "/api/sysLogin/getUserInfo"}
2025-10-30 16:48:15.034	INFO	[cwrs_middleware/CwrsAuthLog.go:32]	系统日志	{"Method": "GET", "userId": "953b77a21366497094303f293cc07424", "account": "", "role": "", "url": "/api/sysParam/dept"}
2025-10-30 16:48:15.062	INFO	[cwrs_middleware/CwrsAuthLog.go:32]	系统日志	{"Method": "GET", "userId": "953b77a21366497094303f293cc07424", "account": "", "role": "", "url": "/api/sysMenu/getMenuTreeByRoleId"}
2025-10-30 16:48:15.276	INFO	[cwrs_middleware/CwrsAuthLog.go:32]	系统日志	{"Method": "GET", "userId": "953b77a21366497094303f293cc07424", "account": "", "role": "", "url": "/api/sysDept/tree"}
2025-10-30 16:48:15.276	INFO	[cwrs_middleware/CwrsAuthLog.go:32]	系统日志	{"Method": "GET", "userId": "953b77a21366497094303f293cc07424", "account": "", "role": "", "url": "/api/sysUser/list?pageNum=1&pageSize=10"}
2025-10-30 16:48:32.358	INFO	[cwrs_middleware/CwrsAuthLog.go:32]	系统日志	{"Method": "GET", "userId": "953b77a21366497094303f293cc07424", "account": "", "role": "", "url": "/api/sysLogin/getUserInfo"}
2025-10-30 16:48:32.427	INFO	[cwrs_middleware/CwrsAuthLog.go:32]	系统日志	{"Method": "GET", "userId": "953b77a21366497094303f293cc07424", "account": "", "role": "", "url": "/api/sysParam/dept"}
2025-10-30 16:48:32.468	INFO	[cwrs_middleware/CwrsAuthLog.go:32]	系统日志	{"Method": "GET", "userId": "953b77a21366497094303f293cc07424", "account": "", "role": "", "url": "/api/sysMenu/getMenuTreeByRoleId"}
2025-10-30 16:48:32.886	INFO	[cwrs_middleware/CwrsAuthLog.go:32]	系统日志	{"Method": "GET", "userId": "953b77a21366497094303f293cc07424", "account": "", "role": "", "url": "/api/sysUser/list?pageNum=1&pageSize=10"}
2025-10-30 16:48:32.886	INFO	[cwrs_middleware/CwrsAuthLog.go:32]	系统日志	{"Method": "GET", "userId": "953b77a21366497094303f293cc07424", "account": "", "role": "", "url": "/api/sysDept/tree"}
2025-10-30 16:48:34.329	INFO	[cwrs_middleware/CwrsAuthLog.go:32]	系统日志	{"Method": "GET", "userId": "953b77a21366497094303f293cc07424", "account": "", "role": "", "url": "/api/sysUser/detail?userId=953b77a21366497094303f293cc07424"}
2025-10-30 16:48:34.342	INFO	[cwrs_middleware/CwrsAuthLog.go:32]	系统日志	{"Method": "GET", "userId": "953b77a21366497094303f293cc07424", "account": "", "role": "", "url": "/api/sysRole/list?deptId=all"}
2025-10-30 16:48:34.349	INFO	[cwrs_middleware/CwrsAuthLog.go:32]	系统日志	{"Method": "GET", "userId": "953b77a21366497094303f293cc07424", "account": "", "role": "", "url": "/api/sysPost/list?deptId=all"}
2025-10-30 16:48:35.427	INFO	[cwrs_middleware/CwrsAuthLog.go:22]	系统日志	{"Method": "PUT", "userId": "953b77a21366497094303f293cc07424", "account": "", "role": "", "url": "/api/sysUser/edit", "参数": "{\"oldDeptId\":\"all\",\"avatar\":\"http://localhost:9091/api/images/nv3.jpg\",\"postId\":\"a90cee574f364bf891d9c2a21643eeba\",\"birth\":\"1995-04-05\",\"userStatus\":\"1\",\"userId\":\"953b77a21366497094303f293cc07424\",\"userName\":\"admin\",\"nickName\":\"admin\",\"gender\":\"1\",\"userPhone\":\"19951500648\",\"deptId\":\"all\",\"roleId\":\"5c9e854262ce42918a1b9d12500ca9ff\",\"desc\":\"超级管理员\",\"createdUserId\":\"953b77a21366497094303f293cc07424\",\"roleName\":\"超级管理员\",\"postName\":\"董事长\",\"createdUserName\":\"admin\",\"createdTime\":\"2025-07-14T09:15:07+08:00\"}"}
2025-10-30 16:48:35.443	INFO	[cwrs_middleware/CwrsAuthLog.go:32]	系统日志	{"Method": "GET", "userId": "953b77a21366497094303f293cc07424", "account": "", "role": "", "url": "/api/sysUser/list?pageNum=1&pageSize=10"}
2025-10-30 16:52:55.774	INFO	[cwrs_middleware/CwrsAuthLog.go:32]	系统日志	{"Method": "GET", "userId": "953b77a21366497094303f293cc07424", "account": "", "role": "", "url": "/api/sysDept/tree"}
2025-10-30 16:52:55.778	INFO	[cwrs_middleware/CwrsAuthLog.go:32]	系统日志	{"Method": "GET", "userId": "953b77a21366497094303f293cc07424", "account": "", "role": "", "url": "/api/sysMenu/getMenuTreeList"}
2025-10-30 16:52:55.778	INFO	[cwrs_middleware/CwrsAuthLog.go:32]	系统日志	{"Method": "GET", "userId": "953b77a21366497094303f293cc07424", "account": "", "role": "", "url": "/api/sysMenu/getMenuAppTreeList"}
2025-10-30 16:52:55.778	INFO	[cwrs_middleware/CwrsAuthLog.go:32]	系统日志	{"Method": "GET", "userId": "953b77a21366497094303f293cc07424", "account": "", "role": "", "url": "/api/sysDept/tree"}
2025-10-30 16:52:55.779	INFO	[cwrs_middleware/CwrsAuthLog.go:32]	系统日志	{"Method": "GET", "userId": "953b77a21366497094303f293cc07424", "account": "", "role": "", "url": "/api/sysRole/list?pageNum=1&pageSize=10"}
2025-10-30 16:52:56.864	INFO	[cwrs_middleware/CwrsAuthLog.go:32]	系统日志	{"Method": "GET", "userId": "953b77a21366497094303f293cc07424", "account": "", "role": "", "url": "/api/sysDept/tree"}
2025-10-31 11:59:17.226	INFO	[dao/SysOperLogDao.go:40]	➕ 准备创建明日分区	{"partitionName": "p20251031"}
2025-10-31 11:59:17.257	WARN	[dao/SysOperLogDao.go:45]	ℹ️ 分区已存在，跳过创建	{"partitionName": "p20251031"}
2025-10-31 11:59:17.257	INFO	[dao/SysOperLogDao.go:40]	➕ 准备创建明日分区	{"partitionName": "p20251101"}
2025-10-31 11:59:17.263	WARN	[dao/SysOperLogDao.go:45]	ℹ️ 分区已存在，跳过创建	{"partitionName": "p20251101"}
2025-10-31 11:59:17.271	INFO	[cwrs_zap_logger/CwrsZapLogger.go:178]	AddTaskToScheduler 共添加了 0 个任务到调度器
2025-10-31 11:59:50.537	INFO	[cwrs_middleware/CwrsAuthLog.go:32]	系统日志	{"Method": "GET", "userId": "953b77a21366497094303f293cc07424", "account": "", "role": "", "url": "/api/sysLogin/getUserInfo"}
2025-10-31 11:59:50.566	INFO	[cwrs_middleware/CwrsAuthLog.go:32]	系统日志	{"Method": "GET", "userId": "953b77a21366497094303f293cc07424", "account": "", "role": "", "url": "/api/sysParam/dept"}
2025-10-31 11:59:50.577	INFO	[cwrs_middleware/CwrsAuthLog.go:32]	系统日志	{"Method": "GET", "userId": "953b77a21366497094303f293cc07424", "account": "", "role": "", "url": "/api/sysMenu/getMenuTreeByRoleId"}
2025-10-31 11:59:52.418	INFO	[cwrs_middleware/CwrsAuthLog.go:32]	系统日志	{"Method": "GET", "userId": "953b77a21366497094303f293cc07424", "account": "", "role": "", "url": "/api/sysDict/list?pageNum=1&pageSize=10"}
2025-10-31 11:59:56.807	INFO	[cwrs_middleware/CwrsAuthLog.go:32]	系统日志	{"Method": "GET", "userId": "953b77a21366497094303f293cc07424", "account": "", "role": "", "url": "/api/sysLogin/getUserInfo"}
2025-10-31 11:59:56.822	INFO	[cwrs_middleware/CwrsAuthLog.go:32]	系统日志	{"Method": "GET", "userId": "953b77a21366497094303f293cc07424", "account": "", "role": "", "url": "/api/sysParam/dept"}
2025-10-31 11:59:56.828	INFO	[cwrs_middleware/CwrsAuthLog.go:32]	系统日志	{"Method": "GET", "userId": "953b77a21366497094303f293cc07424", "account": "", "role": "", "url": "/api/sysMenu/getMenuTreeByRoleId"}
2025-10-31 11:59:56.954	INFO	[cwrs_middleware/CwrsAuthLog.go:32]	系统日志	{"Method": "GET", "userId": "953b77a21366497094303f293cc07424", "account": "", "role": "", "url": "/api/sysDict/list?pageNum=1&pageSize=10"}
2025-10-31 12:00:08.680	INFO	[cwrs_middleware/CwrsAuthLog.go:32]	系统日志	{"Method": "GET", "userId": "953b77a21366497094303f293cc07424", "account": "", "role": "", "url": "/api/sysDept/tree"}
2025-10-31 12:00:14.047	INFO	[cwrs_middleware/CwrsAuthLog.go:32]	系统日志	{"Method": "GET", "userId": "953b77a21366497094303f293cc07424", "account": "", "role": "", "url": "/api/sysDept/tree"}
2025-10-31 12:00:14.052	INFO	[cwrs_middleware/CwrsAuthLog.go:32]	系统日志	{"Method": "GET", "userId": "953b77a21366497094303f293cc07424", "account": "", "role": "", "url": "/api/sysUser/list?pageNum=1&pageSize=10"}
2025-10-31 12:00:18.684	INFO	[cwrs_middleware/CwrsAuthLog.go:32]	系统日志	{"Method": "GET", "userId": "953b77a21366497094303f293cc07424", "account": "", "role": "", "url": "/api/sysDept/tree"}
2025-10-31 12:00:18.690	INFO	[cwrs_middleware/CwrsAuthLog.go:32]	系统日志	{"Method": "GET", "userId": "953b77a21366497094303f293cc07424", "account": "", "role": "", "url": "/api/sysParam/list?pageNum=1&pageSize=10"}
2025-10-31 12:00:20.255	INFO	[cwrs_middleware/CwrsAuthLog.go:32]	系统日志	{"Method": "GET", "userId": "953b77a21366497094303f293cc07424", "account": "", "role": "", "url": "/api/sysLogin/getUserInfo"}
2025-10-31 12:00:20.261	INFO	[cwrs_middleware/CwrsAuthLog.go:32]	系统日志	{"Method": "GET", "userId": "953b77a21366497094303f293cc07424", "account": "", "role": "", "url": "/api/sysParam/dept"}
2025-10-31 12:00:20.270	INFO	[cwrs_middleware/CwrsAuthLog.go:32]	系统日志	{"Method": "GET", "userId": "953b77a21366497094303f293cc07424", "account": "", "role": "", "url": "/api/sysMenu/getMenuTreeByRoleId"}
2025-10-31 12:00:20.392	INFO	[cwrs_middleware/CwrsAuthLog.go:32]	系统日志	{"Method": "GET", "userId": "953b77a21366497094303f293cc07424", "account": "", "role": "", "url": "/api/sysDept/tree"}
2025-10-31 12:00:20.396	INFO	[cwrs_middleware/CwrsAuthLog.go:32]	系统日志	{"Method": "GET", "userId": "953b77a21366497094303f293cc07424", "account": "", "role": "", "url": "/api/sysParam/list?pageNum=1&pageSize=10"}
2025-10-31 12:00:31.364	INFO	[cwrs_middleware/CwrsAuthLog.go:32]	系统日志	{"Method": "GET", "userId": "953b77a21366497094303f293cc07424", "account": "", "role": "", "url": "/api/sysLogin/getUserInfo"}
2025-10-31 12:00:31.383	INFO	[cwrs_middleware/CwrsAuthLog.go:32]	系统日志	{"Method": "GET", "userId": "953b77a21366497094303f293cc07424", "account": "", "role": "", "url": "/api/sysParam/dept"}
2025-10-31 12:00:31.399	INFO	[cwrs_middleware/CwrsAuthLog.go:32]	系统日志	{"Method": "GET", "userId": "953b77a21366497094303f293cc07424", "account": "", "role": "", "url": "/api/sysMenu/getMenuTreeByRoleId"}
2025-10-31 12:00:32.691	INFO	[cwrs_middleware/CwrsAuthLog.go:32]	系统日志	{"Method": "GET", "userId": "953b77a21366497094303f293cc07424", "account": "", "role": "", "url": "/api/sysDept/tree"}
2025-10-31 12:00:32.742	INFO	[cwrs_middleware/CwrsAuthLog.go:32]	系统日志	{"Method": "GET", "userId": "953b77a21366497094303f293cc07424", "account": "", "role": "", "url": "/api/sysParam/list?pageNum=1&pageSize=10"}
2025-10-31 12:00:55.632	INFO	[dao/SysOperLogDao.go:40]	➕ 准备创建明日分区	{"partitionName": "p20251031"}
2025-10-31 12:00:55.649	WARN	[dao/SysOperLogDao.go:45]	ℹ️ 分区已存在，跳过创建	{"partitionName": "p20251031"}
2025-10-31 12:00:55.649	INFO	[dao/SysOperLogDao.go:40]	➕ 准备创建明日分区	{"partitionName": "p20251101"}
2025-10-31 12:00:55.666	WARN	[dao/SysOperLogDao.go:45]	ℹ️ 分区已存在，跳过创建	{"partitionName": "p20251101"}
2025-10-31 12:00:55.699	INFO	[cwrs_zap_logger/CwrsZapLogger.go:178]	AddTaskToScheduler 共添加了 0 个任务到调度器
2025-10-31 12:01:00.454	INFO	[cwrs_middleware/CwrsAuthLog.go:32]	系统日志	{"Method": "GET", "userId": "953b77a21366497094303f293cc07424", "account": "", "role": "", "url": "/api/sysLogin/getUserInfo"}
2025-10-31 12:01:00.578	INFO	[cwrs_middleware/CwrsAuthLog.go:32]	系统日志	{"Method": "GET", "userId": "953b77a21366497094303f293cc07424", "account": "", "role": "", "url": "/api/sysParam/dept"}
2025-10-31 12:01:00.588	INFO	[cwrs_middleware/CwrsAuthLog.go:32]	系统日志	{"Method": "GET", "userId": "953b77a21366497094303f293cc07424", "account": "", "role": "", "url": "/api/sysMenu/getMenuTreeByRoleId"}
2025-10-31 12:01:00.895	INFO	[cwrs_middleware/CwrsAuthLog.go:32]	系统日志	{"Method": "GET", "userId": "953b77a21366497094303f293cc07424", "account": "", "role": "", "url": "/api/sysDept/tree"}
2025-10-31 12:01:00.899	INFO	[cwrs_middleware/CwrsAuthLog.go:32]	系统日志	{"Method": "GET", "userId": "953b77a21366497094303f293cc07424", "account": "", "role": "", "url": "/api/sysParam/list?pageNum=1&pageSize=10"}
2025-10-31 12:01:03.521	INFO	[cwrs_middleware/CwrsAuthLog.go:32]	系统日志	{"Method": "GET", "userId": "953b77a21366497094303f293cc07424", "account": "", "role": "", "url": "/api/sysDept/tree"}
2025-10-31 12:01:05.894	INFO	[cwrs_middleware/CwrsAuthLog.go:32]	系统日志	{"Method": "GET", "userId": "953b77a21366497094303f293cc07424", "account": "", "role": "", "url": "/api/sysOperLog/list?pageNum=1&pageSize=10"}
2025-10-31 12:01:07.236	INFO	[cwrs_middleware/CwrsAuthLog.go:32]	系统日志	{"Method": "GET", "userId": "953b77a21366497094303f293cc07424", "account": "", "role": "", "url": "/api/sysTask/list?pageNum=1&pageSize=10"}
2025-10-31 12:01:08.296	INFO	[cwrs_middleware/CwrsAuthLog.go:32]	系统日志	{"Method": "GET", "userId": "953b77a21366497094303f293cc07424", "account": "", "role": "", "url": "/api/sysDept/tree"}
2025-10-31 12:01:08.317	INFO	[cwrs_middleware/CwrsAuthLog.go:32]	系统日志	{"Method": "GET", "userId": "953b77a21366497094303f293cc07424", "account": "", "role": "", "url": "/api/sysDept/tree"}
2025-10-31 12:01:10.802	INFO	[cwrs_middleware/CwrsAuthLog.go:32]	系统日志	{"Method": "GET", "userId": "953b77a21366497094303f293cc07424", "account": "", "role": "", "url": "/api/sysDept/tree"}
2025-10-31 12:01:10.804	INFO	[cwrs_middleware/CwrsAuthLog.go:32]	系统日志	{"Method": "GET", "userId": "953b77a21366497094303f293cc07424", "account": "", "role": "", "url": "/api/sysPost/list?pageNum=1&pageSize=10"}
2025-10-31 12:01:11.930	INFO	[cwrs_middleware/CwrsAuthLog.go:32]	系统日志	{"Method": "GET", "userId": "953b77a21366497094303f293cc07424", "account": "", "role": "", "url": "/api/sysDict/list?pageNum=1&pageSize=10"}
2025-10-31 12:01:13.890	INFO	[cwrs_middleware/CwrsAuthLog.go:32]	系统日志	{"Method": "GET", "userId": "953b77a21366497094303f293cc07424", "account": "", "role": "", "url": "/api/sysMenu/getMenuTreeList"}
2025-10-31 12:01:13.890	INFO	[cwrs_middleware/CwrsAuthLog.go:32]	系统日志	{"Method": "GET", "userId": "953b77a21366497094303f293cc07424", "account": "", "role": "", "url": "/api/sysMenu/getMenuAppTreeList"}
